<?xml version="1.0" encoding="UTF-8"?>
<testsuite xmlns:xsi="http://www.w3.org/2001/XMLSchema-instance" xsi:noNamespaceSchemaLocation="https://maven.apache.org/surefire/maven-surefire-plugin/xsd/surefire-test-report.xsd" version="3.0.2" name="com.foreverjava.BlackRock_Gaurav.BlackRockGauravApplicationTests" time="0.984" tests="1" errors="0" skipped="0" failures="0">
  <properties>
[...]
</properties>
  <testcase name="contextLoads" classname="com.foreverjava.BlackRock_Gaurav.BlackRockGauravApplicationTests" time="0.277">
    <system-out><![CDATA[17:14:30.322 [main] INFO org.springframework.test.context.support.AnnotationConfigContextLoaderUtils -- Could not detect default configuration classes for test class [com.foreverjava.BlackRock_Gaurav.BlackRockGauravApplicationTests]: BlackRockGauravApplicationTests does not declare any static, non-private, non-final, nested classes annotated with @Configuration.
17:14:30.358 [main] INFO org.springframework.boot.test.context.SpringBootTestContextBootstrapper -- Found @SpringBootConfiguration com.foreverjava.BlackRock_Gaurav.BlackRockGauravApplication for test class com.foreverjava.BlackRock_Gaurav.BlackRockGauravApplicationTests

  .   ____          _            __ _ _
 /\\ / ___'_ __ _ _(_)_ __  __ _ \ \ \ \
( ( )\___ | '_ | '_| | '_ \/ _` | \ \ \ \
 \\/  ___)| |_)| | | | | || (_| |  ) ) ) )
  '  |____| .__|_| |_|_| |_\__, | / / / /
 =========|_|==============|___/=/_/_/_/

 :: Spring Boot ::                (v4.0.3)

2026-02-21T17:14:30.477+05:30  INFO 12567 --- [BlackRock_Gaurav] [           main] c.f.B.BlackRockGauravApplicationTests    : Starting BlackRockGauravApplicationTests using Java 25.0.2 with PID 12567 (started by gauravkedia in /Users/gauravkedia/Desktop/Gaurav docs/BlackRock_Gaurav)
2026-02-21T17:14:30.478+05:30  INFO 12567 --- [BlackRock_Gaurav] [           main] c.f.B.BlackRockGauravApplicationTests    : No active profile set, falling back to 1 default profile: "default"
2026-02-21T17:14:30.925+05:30  INFO 12567 --- [BlackRock_Gaurav] [           main] o.s.b.a.e.web.EndpointLinksResolver      : Exposing 2 endpoints beneath base path '/actuator'
2026-02-21T17:14:30.942+05:30  INFO 12567 --- [BlackRock_Gaurav] [           main] c.f.B.BlackRockGauravApplicationTests    : Started BlackRockGauravApplicationTests in 0.543 seconds (process running for 0.876)
]]></system-out>
    <system-err><![CDATA[Mockito is currently self-attaching to enable the inline-mock-maker. This will no longer work in future releases of the JDK. Please add Mockito as an agent to your build as described in Mockito's documentation: https://javadoc.io/doc/org.mockito/mockito-core/latest/org.mockito/org/mockito/Mockito.html#0.3
WARNING: A Java agent has been loaded dynamically (/Users/gauravkedia/.m2/repository/net/bytebuddy/byte-buddy-agent/1.17.8/byte-buddy-agent-1.17.8.jar)
WARNING: If a serviceability tool is in use, please run with -XX:+EnableDynamicAgentLoading to hide this warning
WARNING: If a serviceability tool is not in use, please run with -Djdk.instrument.traceUsage for more information
WARNING: Dynamic loading of agents will be disallowed by default in a future release
]]></system-err>
  </testcase>
</testsuite>